<?xml version="1.0" encoding="UTF-8"?>
<testsuite xmlns:xsi="http://www.w3.org/2001/XMLSchema-instance" xsi:noNamespaceSchemaLocation="https://maven.apache.org/surefire/maven-surefire-plugin/xsd/surefire-test-report-3.0.xsd" version="3.0" name="TestSuite" time="81.295" tests="2" errors="0" skipped="0" failures="0">
  <properties>
[...]
</properties>
  <testcase name="captureScreenshots[chrome](1)" classname="DownloadImagesChrome" time="44.715">
    <system-out><![CDATA[Results Directory Created: chromeW90H500
Results Directory Created: firefoxW90H500
Results Directory Created: chromeW100H600
]]></system-out>
    <system-err><![CDATA[SLF4J: Failed to load class "org.slf4j.impl.StaticLoggerBinder".
SLF4J: Defaulting to no-operation (NOP) logger implementation
SLF4J: See http://www.slf4j.org/codes.html#StaticLoggerBinder for further details.
Starting ChromeDriver 114.0.5735.90 (386bc09e8f4f2e025eddae123f36f6263096ae49-refs/branch-heads/5735@{#1052}) on port 1047
1O68n6l12y 0l1o1c80al0 0c	ognencekcotdiroinvse ra	rIeN FaOl	lLoiwsetde.ni
Pnlg eoase sne e1 2h7t.t0.p0s:./1:/4c38h0r2o
medriver.chromium.org/security-considerations for suggestions on keeping ChromeDriver safe.
ChromeDriver was started successfully.
1686120119041	mozrunner::runner	INFO	Running command: "C:\\Program Files\\Mozilla Firefox\\firefox.exe" "--marionette" "--disable-notifications" "--remote-debuggi ... st:40903/,http://[::1]:40903/" "-no-remote" "-profile" "C:\\Users\\NADEEM~1.AHM\\AppData\\Local\\Temp\\rust_mozprofileJfwtLn"
Jun 07, 2023 12:12:01 PM org.openqa.selenium.devtools.CdpVersionFinder findNearestMatch
WARNING: Unable to find an exact match for CDP version 114, so returning the closest version found: 111
1686120122680	Marionette	INFO	Marionette enabled
1686120122709	Marionette	INFO	Listening on port 51117
Read port: 51117
WebDriver BiDi listening on ws://127.0.0.1:40903
1686120123454	RemoteAgent	WARN	TLS certificate errors will be ignored for this session
console.warn: SearchSettings: "get: No settings file exists, new profile?" (new NotFoundError("Could not open the file at C:\\Users\\NADEEM~1.AHM\\AppData\\Local\\Temp\\rust_mozprofileJfwtLn\\search.json.mozlz4", (void 0)))
DevTools listening on ws://127.0.0.1:40903/devtools/browser/cad86233-6bbb-4355-8e03-abcc9290d45f
JavaScript error: resource://gre/modules/URIFixup.sys.mjs, line 304: NS_ERROR_FAILURE: Should pass a non-null uri
Jun 07, 2023 12:12:14 PM org.openqa.selenium.remote.http.WebSocket$Listener onError
WARNING: Connection reset
java.net.SocketException: Connection reset
	at java.base/sun.nio.ch.SocketChannelImpl.throwConnectionReset(SocketChannelImpl.java:394)
	at java.base/sun.nio.ch.SocketChannelImpl.read(SocketChannelImpl.java:426)
	at io.netty.buffer.PooledByteBuf.setBytes(PooledByteBuf.java:256)
	at io.netty.buffer.AbstractByteBuf.writeBytes(AbstractByteBuf.java:1132)
	at io.netty.channel.socket.nio.NioSocketChannel.doReadBytes(NioSocketChannel.java:357)
	at io.netty.channel.nio.AbstractNioByteChannel$NioByteUnsafe.read(AbstractNioByteChannel.java:151)
	at io.netty.channel.nio.NioEventLoop.processSelectedKey(NioEventLoop.java:788)
	at io.netty.channel.nio.NioEventLoop.processSelectedKeysOptimized(NioEventLoop.java:724)
	at io.netty.channel.nio.NioEventLoop.processSelectedKeys(NioEventLoop.java:650)
	at io.netty.channel.nio.NioEventLoop.run(NioEventLoop.java:562)
	at io.netty.util.concurrent.SingleThreadEventExecutor$4.run(SingleThreadEventExecutor.java:997)
	at io.netty.util.internal.ThreadExecutorMap$2.run(ThreadExecutorMap.java:74)
	at io.netty.util.concurrent.FastThreadLocalRunnable.run(FastThreadLocalRunnable.java:30)
	at java.base/java.lang.Thread.run(Thread.java:833)

JavaScript error: https://www.bristlecone.com/, line 631: SyntaxError: illegal character U+201C
Starting ChromeDriver 114.0.5735.90 (386bc09e8f4f2e025eddae123f36f6263096ae49-refs/branch-heads/5735@{#1052}) on port 25828
Only local connections are allowed.
Please see https://chromedriver.chromium.org/security-considerations for suggestions on keeping ChromeDriver safe.
ChromeDriver was started successfully.
Jun 07, 2023 12:12:24 PM org.openqa.selenium.devtools.CdpVersionFinder findNearestMatch
WARNING: Unable to find an exact match for CDP version 114, so returning the closest version found: 111
1686120157625	RemoteAgent	INFO	Perform WebSocket upgrade for incoming connection from 127.0.0.1:51333
1686120157639	CDP	ERROR	Invalid browser preferences for CDP. Set "fission.webContentIsolationStrategy"to 0 and "fission.bfcacheInParent" to false before Firefox starts.
1686120157655	Marionette	INFO	Stopped listening on port 51117
[Parent 18460, IPC I/O Parent] WARNING: file /builds/worker/checkouts/gecko/ipc/chromium/src/base/process_util_win.cc:167
]]></system-err>
  </testcase>
  <testcase name="captureScreenshots[firefox](1)" classname="DownloadImagesFirefox" time="76.597">
    <system-out><![CDATA[Results Directory Created: firefoxW100H600
]]></system-out>
    <system-err><![CDATA[JavaScript warning: https://www.youtube.com/embed/HLxOBTTUIoU?feature=oembed line 801 > injectedScript line 2 > eval line 3454 > eval line 1 > eval line 1 > eval, line 1: WEBGL_debug_renderer_info is deprecated in Firefox and will be removed. Please use RENDERER.
JavaScript warning: https://www.youtube.com/embed/clWYNAWEBNc?feature=oembed line 801 > injectedScript line 2 > eval line 6076 > eval line 1 > eval line 1 > eval, line 1: WEBGL_debug_renderer_info is deprecated in Firefox and will be removed. Please use RENDERER.
JavaScript error: resource://gre/modules/Sqlite.sys.mjs, line 1106: Error: Sqlite.jsm has been shutdown. Cannot open connection to: C:\Users\NADEEM~1.AHM\AppData\Local\Temp\rust_mozprofileJfwtLn\protections.sqlite
1686120161612	geckodriver	INFO	Listening on 127.0.0.1:29199
1686120161663	mozrunner::runner	INFO	Running command: "C:\\Program Files\\Mozilla Firefox\\firefox.exe" "--marionette" "--disable-notifications" "--remote-debuggi ... st:32995/,http://[::1]:32995/" "-no-remote" "-profile" "C:\\Users\\NADEEM~1.AHM\\AppData\\Local\\Temp\\rust_mozprofileiw8mnj"
1686120162935	Marionette	INFO	Marionette enabled
1686120162950	Marionette	INFO	Listening on port 51436
Read port: 51436
WebDriver BiDi listening on ws://127.0.0.1:32995
1686120163359	RemoteAgent	WARN	TLS certificate errors will be ignored for this session
console.warn: SearchSettings: "get: No settings file exists, new profile?" (new NotFoundError("Could not open the file at C:\\Users\\NADEEM~1.AHM\\AppData\\Local\\Temp\\rust_mozprofileiw8mnj\\search.json.mozlz4", (void 0)))
DevTools listening on ws://127.0.0.1:32995/devtools/browser/3b29b8d6-5a66-4d7f-ab84-082d45212a4a
JavaScript error: https://www.bristlecone.com/, line 631: SyntaxError: illegal character U+201C
1686120187835	RemoteAgent	INFO	Perform WebSocket upgrade for incoming connection from 127.0.0.1:51554
1686120187844	CDP	ERROR	Invalid browser preferences for CDP. Set "fission.webContentIsolationStrategy"to 0 and "fission.bfcacheInParent" to false before Firefox starts.
1686120187860	Marionette	INFO	Stopped listening on port 51436
JavaScript warning: https://www.google.com/js/th/C-bCu9rGCiFANQBeMy799cjZp_l5fBmx44_SdYfWQak.js line 2 > eval line 18 > eval line 1 > eval line 1 > eval, line 1: WEBGL_debug_renderer_info is deprecated in Firefox and will be removed. Please use RENDERER.
JavaScript error: resource://gre/modules/Sqlite.sys.mjs, line 1106: Error: Sqlite.jsm has been shutdown. Cannot open connection to: C:\Users\NADEEM~1.AHM\AppData\Local\Temp\rust_mozprofileiw8mnj\protections.sqlite

###!!! [Parent][DispatchAsyncMessage] Error: PBackgroundIDBDatabase::Msg_PBackgroundIDBTransactionConstructor Value error: message was deserialized, but contained an illegal value

JavaScript warning: https://www.youtube.com/embed/clWYNAWEBNc?feature=oembed line 801 > injectedScript line 2 > eval line 5191 > eval line 1 > eval line 1 > eval, line 1: WEBGL_debug_renderer_info is deprecated in Firefox and will be removed. Please use RENDERER.

###!!! [Parent][DispatchAsyncMessage] Error: PBackgroundIDBDatabase::Msg_PBackgroundIDBTransactionConstructor Value error: message was deserialized, but contained an illegal value

]]></system-err>
  </testcase>
</testsuite>