<?xml version="1.0" encoding="UTF-8"?>
<testng-results ignored="0" total="2" passed="2" failed="0" skipped="0">
  <reporter-output>
  </reporter-output>
  <suite started-at="2023-06-07T12:11:54 IST" name="Sample suite" finished-at="2023-06-07T12:13:10 IST" duration-ms="76674">
    <groups>
    </groups>
    <test started-at="2023-06-07T12:11:54 IST" name="Test Chrome" finished-at="2023-06-07T12:12:38 IST" duration-ms="44508">
      <class name="DownloadImagesChrome">
        <test-method signature="captureScreenshots(java.lang.String)[pri:0, instance:DownloadImagesChrome@6dc17b83]" started-at="2023-06-07T12:11:54 IST" name="captureScreenshots" finished-at="2023-06-07T12:12:38 IST" duration-ms="44430" status="PASS">
          <params>
            <param index="0">
              <value>
                <![CDATA[chrome]]>
              </value>
            </param>
          </params>
          <reporter-output>
          </reporter-output>
        </test-method> <!-- captureScreenshots -->
      </class> <!-- DownloadImagesChrome -->
    </test> <!-- Test Chrome -->
    <test started-at="2023-06-07T12:11:54 IST" name="Test Firefox" finished-at="2023-06-07T12:13:10 IST" duration-ms="76674">
      <class name="DownloadImagesChrome">
        <test-method is-config="true" signature="setup()[pri:0, instance:DownloadImagesChrome@6dc17b83]" started-at="2023-06-07T12:11:53 IST" name="setup" finished-at="2023-06-07T12:11:54 IST" duration-ms="268" status="PASS">
          <reporter-output>
          </reporter-output>
        </test-method> <!-- setup -->
        <test-method is-config="true" signature="zipDestination()[pri:0, instance:DownloadImagesChrome@6dc17b83]" started-at="2023-06-07T12:13:10 IST" name="zipDestination" finished-at="2023-06-07T12:13:13 IST" duration-ms="2760" status="PASS">
          <reporter-output>
          </reporter-output>
        </test-method> <!-- zipDestination -->
      </class> <!-- DownloadImagesChrome -->
      <class name="DownloadImagesFirefox">
        <test-method is-config="true" signature="setup()[pri:0, instance:DownloadImagesFirefox@72d1ad2e]" started-at="2023-06-07T12:11:54 IST" name="setup" finished-at="2023-06-07T12:11:54 IST" duration-ms="3" status="PASS">
          <reporter-output>
          </reporter-output>
        </test-method> <!-- setup -->
        <test-method signature="captureScreenshots(java.lang.String)[pri:0, instance:DownloadImagesFirefox@72d1ad2e]" started-at="2023-06-07T12:11:54 IST" name="captureScreenshots" finished-at="2023-06-07T12:13:10 IST" duration-ms="76603" status="PASS">
          <params>
            <param index="0">
              <value>
                <![CDATA[firefox]]>
              </value>
            </param>
          </params>
          <reporter-output>
          </reporter-output>
        </test-method> <!-- captureScreenshots -->
      </class> <!-- DownloadImagesFirefox -->
    </test> <!-- Test Firefox -->
  </suite> <!-- Sample suite -->
</testng-results>
